c:\users\123\desktop\重要机器人\code\8.7-project\project1\x64\release\vc141.pdb
c:\users\123\desktop\重要机器人\code\8.7-project\project1\x64\release\main.obj
c:\users\123\desktop\重要机器人\code\8.7-project\project1\x64\release\client.obj
c:\linux\robotproject\test1.0\8.7-project\project1\x64\release\vc141.pdb
c:\linux\robotproject\test1.0\8.7-project\project1\x64\release\main.obj
c:\linux\robotproject\test1.0\8.7-project\project1\x64\release\client.obj
c:\linux\robotproject\test1.0\8.7-project\project1\x64\release\colorde.obj
c:\linux\robotproject\test1.0\8.7-project\project1\x64\release\mydeter.obj
c:\users\123\desktop\重要机器人\code\8.7-project\x64\release\project1.exe
c:\users\123\desktop\重要机器人\code\8.7-project\x64\release\project1.pdb
c:\users\123\desktop\重要机器人\code\8.7-project\x64\release\project1.ipdb
c:\users\123\desktop\重要机器人\code\8.7-project\x64\release\project1.iobj
c:\linux\robotproject\test1.0\8.7-project\x64\release\project1.ipdb
c:\linux\robotproject\test1.0\8.7-project\x64\release\project1.iobj
c:\linux\robotproject\test1.0\8.7-project\x64\release\project1.pdb
c:\linux\robotproject\test1.0\8.7-project\project1\x64\release\project1.tlog\cl.command.1.tlog
c:\linux\robotproject\test1.0\8.7-project\project1\x64\release\project1.tlog\cl.read.1.tlog
c:\linux\robotproject\test1.0\8.7-project\project1\x64\release\project1.tlog\cl.write.1.tlog
c:\linux\robotproject\test1.0\8.7-project\project1\x64\release\project1.tlog\link.command.1.tlog
c:\linux\robotproject\test1.0\8.7-project\project1\x64\release\project1.tlog\link.read.1.tlog
c:\linux\robotproject\test1.0\8.7-project\project1\x64\release\project1.tlog\link.write.1.tlog
c:\linux\robotproject\test1.0\8.7-project\project1\x64\release\project1.tlog\project1.write.1u.tlog
